[20:52:38.129] [INFO   ] thread main starting.
[20:52:38.140] [SEVERE ] cannot read configuration file config.properties trying from resources.
[20:52:38.144] [SEVERE ] configuration file was loaded from resources directory.
[20:52:38.983] [INFO   ] thread dealer starting.
[20:52:38.984] [INFO   ] Thread dealer starting.
[20:52:38.985] [INFO   ] Thread Thread-0starting.
[20:52:38.985] [INFO   ] Thread Thread-1starting.
[20:52:39.116] [SEVERE ] placing card 37 in slot 0
[20:52:39.225] [SEVERE ] placing card 68 in slot 1
[20:52:39.334] [SEVERE ] placing card 54 in slot 2
[20:52:39.441] [SEVERE ] placing card 41 in slot 3
[20:52:39.553] [SEVERE ] placing card 58 in slot 4
[20:52:39.659] [SEVERE ] placing card 29 in slot 5
[20:52:39.769] [SEVERE ] placing card 43 in slot 6
[20:52:39.872] [SEVERE ] placing card 73 in slot 7
[20:52:39.979] [SEVERE ] placing card 35 in slot 8
[20:52:40.086] [SEVERE ] placing card 11 in slot 9
[20:52:40.193] [SEVERE ] placing card 42 in slot 10
[20:52:40.302] [SEVERE ] placing card 8 in slot 11
[20:52:40.304] [SEVERE ] updating countdown to 60000
[20:52:40.326] [SEVERE ] updating countdown to 59980
[20:52:40.342] [SEVERE ] updating countdown to 59964
[20:52:40.357] [SEVERE ] updating countdown to 59949
[20:52:40.372] [SEVERE ] updating countdown to 59934
[20:52:40.388] [SEVERE ] updating countdown to 59918
[20:52:40.403] [SEVERE ] updating countdown to 59903
[20:52:40.419] [SEVERE ] updating countdown to 59887
[20:52:40.434] [SEVERE ] updating countdown to 59872
[20:52:40.450] [SEVERE ] updating countdown to 59856
[20:52:40.465] [SEVERE ] updating countdown to 59841
[20:52:40.481] [SEVERE ] updating countdown to 59825
[20:52:40.496] [SEVERE ] updating countdown to 59810
[20:52:40.511] [SEVERE ] updating countdown to 59795
[20:52:40.526] [SEVERE ] updating countdown to 59780
[20:52:40.542] [SEVERE ] updating countdown to 59764
[20:52:40.557] [SEVERE ] updating countdown to 59749
[20:52:40.575] [SEVERE ] updating countdown to 59731
[20:52:40.591] [SEVERE ] updating countdown to 59715
[20:52:40.607] [SEVERE ] updating countdown to 59699
[20:52:40.622] [SEVERE ] updating countdown to 59684
[20:52:40.638] [SEVERE ] updating countdown to 59668
[20:52:40.653] [SEVERE ] updating countdown to 59653
[20:52:40.668] [SEVERE ] updating countdown to 59638
[20:52:40.684] [SEVERE ] updating countdown to 59622
[20:52:40.699] [SEVERE ] updating countdown to 59607
[20:52:40.715] [SEVERE ] updating countdown to 59591
[20:52:40.730] [SEVERE ] updating countdown to 59576
[20:52:40.745] [SEVERE ] updating countdown to 59561
[20:52:40.760] [SEVERE ] updating countdown to 59546
[20:52:40.776] [SEVERE ] updating countdown to 59530
[20:52:40.791] [SEVERE ] updating countdown to 59515
[20:52:40.806] [SEVERE ] updating countdown to 59500
[20:52:40.821] [SEVERE ] updating countdown to 59485
[20:52:40.837] [SEVERE ] updating countdown to 59469
[20:52:40.852] [SEVERE ] updating countdown to 59454
[20:52:40.867] [SEVERE ] updating countdown to 59439
[20:52:40.883] [SEVERE ] updating countdown to 59423
[20:52:40.899] [SEVERE ] updating countdown to 59407
[20:52:40.914] [SEVERE ] updating countdown to 59392
[20:52:40.930] [SEVERE ] updating countdown to 59376
[20:52:40.945] [SEVERE ] updating countdown to 59361
[20:52:40.960] [SEVERE ] updating countdown to 59346
[20:52:40.975] [SEVERE ] updating countdown to 59331
[20:52:40.991] [SEVERE ] updating countdown to 59315
[20:52:41.006] [SEVERE ] updating countdown to 59300
[20:52:41.022] [SEVERE ] updating countdown to 59284
[20:52:41.037] [SEVERE ] updating countdown to 59269
[20:52:41.052] [SEVERE ] updating countdown to 59254
[20:52:41.068] [SEVERE ] updating countdown to 59238
[20:52:41.083] [SEVERE ] updating countdown to 59223
[20:52:41.099] [SEVERE ] updating countdown to 59207
[20:52:41.114] [SEVERE ] updating countdown to 59192
[20:52:41.129] [SEVERE ] updating countdown to 59177
[20:52:41.144] [SEVERE ] updating countdown to 59162
[20:52:41.160] [SEVERE ] updating countdown to 59146
[20:52:41.175] [SEVERE ] updating countdown to 59131
[20:52:41.191] [SEVERE ] updating countdown to 59115
[20:52:41.206] [SEVERE ] updating countdown to 59100
[20:52:41.222] [SEVERE ] updating countdown to 59084
[20:52:41.237] [SEVERE ] updating countdown to 59069
[20:52:41.253] [SEVERE ] updating countdown to 59053
[20:52:41.268] [SEVERE ] updating countdown to 59038
[20:52:41.284] [SEVERE ] updating countdown to 59022
[20:52:41.299] [SEVERE ] updating countdown to 59007
[20:52:41.315] [SEVERE ] updating countdown to 58991
[20:52:41.330] [SEVERE ] updating countdown to 58976
[20:52:41.345] [SEVERE ] updating countdown to 58961
[20:52:41.361] [SEVERE ] updating countdown to 58945
[20:52:41.376] [SEVERE ] updating countdown to 58930
[20:52:41.392] [SEVERE ] updating countdown to 58914
[20:52:41.408] [SEVERE ] updating countdown to 58898
[20:52:41.423] [SEVERE ] updating countdown to 58883
[20:52:41.438] [SEVERE ] updating countdown to 58868
[20:52:41.454] [SEVERE ] updating countdown to 58852
[20:52:41.469] [SEVERE ] updating countdown to 58837
[20:52:41.484] [SEVERE ] updating countdown to 58822
[20:52:41.499] [SEVERE ] updating countdown to 58807
[20:52:41.515] [SEVERE ] updating countdown to 58791
[20:52:41.530] [SEVERE ] updating countdown to 58776
[20:52:41.545] [SEVERE ] updating countdown to 58761
[20:52:41.560] [SEVERE ] updating countdown to 58746
[20:52:41.576] [SEVERE ] updating countdown to 58730
[20:52:41.591] [SEVERE ] updating countdown to 58715
[20:52:41.607] [SEVERE ] updating countdown to 58699
[20:52:41.623] [SEVERE ] updating countdown to 58683
[20:52:41.638] [SEVERE ] updating countdown to 58668
[20:52:41.653] [SEVERE ] updating countdown to 58653
[20:52:41.668] [SEVERE ] updating countdown to 58638
[20:52:41.684] [SEVERE ] updating countdown to 58622
[20:52:41.700] [SEVERE ] updating countdown to 58606
[20:52:41.715] [SEVERE ] updating countdown to 58591
[20:52:41.731] [SEVERE ] updating countdown to 58575
[20:52:41.746] [SEVERE ] updating countdown to 58560
[20:52:41.761] [SEVERE ] updating countdown to 58545
[20:52:41.776] [SEVERE ] updating countdown to 58530
[20:52:41.792] [SEVERE ] updating countdown to 58514
[20:52:41.807] [SEVERE ] updating countdown to 58499
[20:52:41.823] [SEVERE ] updating countdown to 58483
[20:52:41.838] [SEVERE ] updating countdown to 58468
[20:52:41.853] [SEVERE ] updating countdown to 58453
[20:52:41.869] [SEVERE ] updating countdown to 58437
[20:52:41.884] [SEVERE ] updating countdown to 58422
[20:52:41.900] [SEVERE ] updating countdown to 58406
[20:52:41.915] [SEVERE ] updating countdown to 58391
[20:52:41.931] [SEVERE ] updating countdown to 58375
[20:52:41.946] [SEVERE ] updating countdown to 58360
[20:52:41.962] [SEVERE ] updating countdown to 58344
[20:52:41.978] [SEVERE ] updating countdown to 58328
[20:52:41.994] [SEVERE ] updating countdown to 58312
[20:52:42.009] [SEVERE ] updating countdown to 58297
[20:52:42.025] [SEVERE ] updating countdown to 58281
[20:52:42.040] [SEVERE ] updating countdown to 58266
[20:52:42.056] [SEVERE ] updating countdown to 58250
[20:52:42.071] [SEVERE ] updating countdown to 58235
[20:52:42.086] [SEVERE ] updating countdown to 58220
[20:52:42.102] [SEVERE ] updating countdown to 58204
[20:52:42.117] [SEVERE ] updating countdown to 58189
[20:52:42.133] [SEVERE ] updating countdown to 58173
[20:52:42.148] [SEVERE ] updating countdown to 58158
[20:52:42.163] [SEVERE ] updating countdown to 58143
[20:52:42.179] [SEVERE ] updating countdown to 58127
[20:52:42.194] [SEVERE ] updating countdown to 58112
[20:52:42.210] [SEVERE ] updating countdown to 58096
[20:52:42.225] [SEVERE ] updating countdown to 58081
[20:52:42.240] [SEVERE ] updating countdown to 58066
[20:52:42.256] [SEVERE ] updating countdown to 58050
[20:52:42.271] [SEVERE ] updating countdown to 58035
[20:52:42.286] [SEVERE ] updating countdown to 58020
[20:52:42.302] [SEVERE ] updating countdown to 58004
[20:52:42.317] [SEVERE ] updating countdown to 57989
[20:52:42.333] [SEVERE ] updating countdown to 57973
[20:52:42.348] [SEVERE ] updating countdown to 57958
[20:52:42.363] [SEVERE ] updating countdown to 57943
[20:52:42.379] [SEVERE ] updating countdown to 57927
[20:52:42.394] [SEVERE ] updating countdown to 57912
[20:52:42.410] [SEVERE ] updating countdown to 57896
[20:52:42.425] [SEVERE ] updating countdown to 57881
[20:52:42.441] [SEVERE ] updating countdown to 57865
[20:52:42.456] [SEVERE ] updating countdown to 57850
[20:52:42.471] [SEVERE ] updating countdown to 57835
[20:52:42.487] [SEVERE ] updating countdown to 57819
[20:52:42.502] [SEVERE ] updating countdown to 57804
[20:52:42.517] [SEVERE ] updating countdown to 57789
[20:52:42.533] [SEVERE ] updating countdown to 57773
[20:52:42.548] [SEVERE ] updating countdown to 57758
[20:52:42.563] [SEVERE ] updating countdown to 57743
[20:52:42.579] [SEVERE ] updating countdown to 57727
[20:52:42.594] [SEVERE ] updating countdown to 57712
[20:52:42.609] [SEVERE ] updating countdown to 57697
[20:52:42.625] [SEVERE ] updating countdown to 57681
[20:52:42.640] [SEVERE ] updating countdown to 57666
[20:52:42.655] [SEVERE ] updating countdown to 57651
[20:52:42.671] [SEVERE ] updating countdown to 57635
[20:52:42.686] [SEVERE ] updating countdown to 57620
[20:52:42.702] [SEVERE ] updating countdown to 57604
[20:52:42.717] [SEVERE ] updating countdown to 57589
[20:52:42.733] [SEVERE ] updating countdown to 57573
[20:52:42.748] [SEVERE ] updating countdown to 57558
[20:52:42.764] [SEVERE ] updating countdown to 57542
[20:52:42.779] [SEVERE ] updating countdown to 57527
[20:52:42.795] [SEVERE ] updating countdown to 57511
[20:52:42.810] [SEVERE ] updating countdown to 57496
[20:52:42.826] [SEVERE ] updating countdown to 57480
[20:52:42.841] [SEVERE ] updating countdown to 57465
[20:52:42.857] [SEVERE ] updating countdown to 57449
[20:52:42.872] [SEVERE ] updating countdown to 57434
[20:52:42.888] [SEVERE ] updating countdown to 57418
[20:52:42.903] [SEVERE ] updating countdown to 57403
[20:52:42.919] [SEVERE ] updating countdown to 57387
[20:52:42.935] [SEVERE ] updating countdown to 57371
[20:52:42.950] [SEVERE ] updating countdown to 57356
[20:52:42.966] [SEVERE ] updating countdown to 57340
[20:52:42.982] [SEVERE ] updating countdown to 57324
[20:52:42.998] [SEVERE ] updating countdown to 57308
[20:52:43.013] [SEVERE ] updating countdown to 57293
[20:52:43.028] [SEVERE ] updating countdown to 57278
[20:52:43.044] [SEVERE ] updating countdown to 57262
[20:52:43.059] [SEVERE ] updating countdown to 57247
[20:52:43.075] [SEVERE ] updating countdown to 57231
[20:52:43.090] [SEVERE ] updating countdown to 57216
[20:52:43.105] [SEVERE ] updating countdown to 57201
[20:52:43.121] [SEVERE ] updating countdown to 57185
[20:52:43.136] [SEVERE ] updating countdown to 57170
[20:52:43.152] [SEVERE ] updating countdown to 57154
[20:52:43.168] [SEVERE ] updating countdown to 57138
[20:52:43.183] [SEVERE ] updating countdown to 57123
[20:52:43.198] [SEVERE ] updating countdown to 57108
[20:52:43.214] [SEVERE ] updating countdown to 57092
[20:52:43.229] [SEVERE ] updating countdown to 57077
[20:52:43.244] [SEVERE ] updating countdown to 57062
[20:52:43.260] [SEVERE ] updating countdown to 57046
[20:52:43.275] [SEVERE ] updating countdown to 57031
[20:52:43.291] [SEVERE ] updating countdown to 57015
[20:52:43.307] [SEVERE ] updating countdown to 56999
[20:52:43.322] [SEVERE ] updating countdown to 56984
[20:52:43.338] [SEVERE ] updating countdown to 56968
[20:52:43.354] [SEVERE ] updating countdown to 56952
[20:52:43.369] [SEVERE ] updating countdown to 56937
[20:52:43.384] [SEVERE ] updating countdown to 56922
[20:52:43.400] [SEVERE ] updating countdown to 56906
[20:52:43.415] [SEVERE ] updating countdown to 56891
[20:52:43.431] [SEVERE ] updating countdown to 56875
[20:52:43.447] [SEVERE ] updating countdown to 56859
[20:52:43.463] [SEVERE ] updating countdown to 56843
[20:52:43.478] [SEVERE ] updating countdown to 56828
[20:52:43.493] [SEVERE ] updating countdown to 56813
[20:52:43.509] [SEVERE ] updating countdown to 56797
[20:52:43.524] [SEVERE ] updating countdown to 56782
[20:52:43.540] [SEVERE ] updating countdown to 56766
[20:52:43.555] [SEVERE ] updating countdown to 56751
[20:52:43.570] [SEVERE ] updating countdown to 56736
[20:52:43.586] [SEVERE ] updating countdown to 56720
[20:52:43.601] [SEVERE ] updating countdown to 56705
[20:52:43.616] [SEVERE ] updating countdown to 56690
[20:52:43.632] [SEVERE ] updating countdown to 56674
[20:52:43.647] [SEVERE ] updating countdown to 56659
[20:52:43.663] [SEVERE ] updating countdown to 56643
[20:52:43.678] [SEVERE ] updating countdown to 56628
[20:52:43.694] [SEVERE ] updating countdown to 56612
[20:52:43.709] [SEVERE ] updating countdown to 56597
[20:52:43.724] [SEVERE ] updating countdown to 56582
[20:52:43.740] [SEVERE ] updating countdown to 56566
[20:52:43.755] [SEVERE ] updating countdown to 56551
[20:52:43.770] [SEVERE ] updating countdown to 56536
[20:52:43.786] [SEVERE ] updating countdown to 56520
[20:52:43.801] [SEVERE ] updating countdown to 56505
[20:52:43.816] [SEVERE ] updating countdown to 56490
[20:52:43.832] [SEVERE ] updating countdown to 56474
[20:52:43.847] [SEVERE ] updating countdown to 56459
[20:52:43.863] [SEVERE ] updating countdown to 56443
[20:52:43.878] [SEVERE ] updating countdown to 56428
[20:52:43.893] [SEVERE ] updating countdown to 56413
[20:52:43.909] [SEVERE ] updating countdown to 56397
[20:52:43.925] [SEVERE ] updating countdown to 56381
[20:52:43.940] [SEVERE ] updating countdown to 56366
[20:52:43.956] [SEVERE ] updating countdown to 56350
[20:52:43.972] [SEVERE ] updating countdown to 56334
[20:52:43.987] [SEVERE ] updating countdown to 56319
[20:52:44.003] [SEVERE ] updating countdown to 56303
[20:52:44.018] [SEVERE ] updating countdown to 56288
[20:52:44.034] [SEVERE ] updating countdown to 56272
[20:52:44.049] [SEVERE ] updating countdown to 56257
[20:52:44.065] [SEVERE ] updating countdown to 56241
[20:52:44.081] [SEVERE ] updating countdown to 56225
[20:52:44.096] [SEVERE ] updating countdown to 56210
[20:52:44.112] [SEVERE ] updating countdown to 56194
[20:52:44.127] [SEVERE ] updating countdown to 56179
[20:52:44.143] [SEVERE ] updating countdown to 56163
[20:52:44.159] [SEVERE ] updating countdown to 56147
[20:52:44.174] [SEVERE ] updating countdown to 56132
[20:52:44.190] [SEVERE ] updating countdown to 56116
[20:52:44.205] [SEVERE ] updating countdown to 56101
[20:52:44.221] [SEVERE ] updating countdown to 56085
[20:52:44.236] [SEVERE ] updating countdown to 56070
[20:52:44.252] [SEVERE ] updating countdown to 56054
[20:52:44.267] [SEVERE ] updating countdown to 56039
[20:52:44.283] [SEVERE ] updating countdown to 56023
[20:52:44.298] [SEVERE ] updating countdown to 56008
[20:52:44.314] [SEVERE ] updating countdown to 55992
[20:52:44.329] [SEVERE ] updating countdown to 55977
[20:52:44.344] [SEVERE ] updating countdown to 55962
[20:52:44.360] [SEVERE ] updating countdown to 55946
[20:52:44.375] [SEVERE ] updating countdown to 55931
[20:52:44.391] [SEVERE ] updating countdown to 55915
[20:52:44.406] [SEVERE ] updating countdown to 55900
[20:52:44.422] [SEVERE ] updating countdown to 55884
[20:52:44.437] [SEVERE ] updating countdown to 55869
[20:52:44.453] [SEVERE ] updating countdown to 55853
[20:52:44.468] [SEVERE ] updating countdown to 55838
[20:52:44.483] [SEVERE ] updating countdown to 55823
[20:52:44.499] [SEVERE ] updating countdown to 55807
[20:52:44.514] [SEVERE ] updating countdown to 55792
[20:52:44.530] [SEVERE ] updating countdown to 55776
[20:52:44.545] [SEVERE ] updating countdown to 55761
[20:52:44.561] [SEVERE ] updating countdown to 55745
[20:52:44.576] [SEVERE ] updating countdown to 55730
[20:52:44.595] [SEVERE ] updating countdown to 55711
[20:52:44.611] [SEVERE ] updating countdown to 55695
[20:52:44.626] [SEVERE ] updating countdown to 55680
[20:52:44.641] [SEVERE ] updating countdown to 55665
[20:52:44.657] [SEVERE ] updating countdown to 55649
[20:52:44.672] [SEVERE ] updating countdown to 55634
[20:52:44.688] [SEVERE ] updating countdown to 55618
[20:52:44.703] [SEVERE ] updating countdown to 55603
[20:52:44.719] [SEVERE ] updating countdown to 55587
[20:52:44.734] [SEVERE ] updating countdown to 55572
[20:52:44.750] [SEVERE ] updating countdown to 55556
[20:52:44.765] [SEVERE ] updating countdown to 55541
[20:52:44.781] [SEVERE ] updating countdown to 55525
[20:52:44.796] [SEVERE ] updating countdown to 55510
[20:52:44.812] [SEVERE ] updating countdown to 55494
[20:52:44.827] [SEVERE ] updating countdown to 55479
[20:52:44.843] [SEVERE ] updating countdown to 55463
[20:52:44.858] [SEVERE ] updating countdown to 55448
[20:52:44.874] [SEVERE ] updating countdown to 55432
[20:52:44.889] [SEVERE ] updating countdown to 55417
[20:52:44.904] [SEVERE ] updating countdown to 55402
[20:52:44.920] [SEVERE ] updating countdown to 55386
[20:52:44.935] [SEVERE ] updating countdown to 55371
[20:52:44.951] [SEVERE ] updating countdown to 55355
[20:52:44.966] [SEVERE ] updating countdown to 55340
[20:52:44.982] [SEVERE ] updating countdown to 55324
[20:52:44.997] [SEVERE ] updating countdown to 55309
[20:52:45.013] [SEVERE ] updating countdown to 55293
[20:52:45.028] [SEVERE ] updating countdown to 55278
[20:52:45.044] [SEVERE ] updating countdown to 55262
[20:52:45.059] [SEVERE ] updating countdown to 55247
[20:52:45.074] [SEVERE ] updating countdown to 55232
[20:52:45.090] [SEVERE ] updating countdown to 55216
[20:52:45.105] [SEVERE ] updating countdown to 55201
[20:52:45.120] [SEVERE ] updating countdown to 55186
[20:52:45.135] [SEVERE ] updating countdown to 55171
[20:52:45.151] [SEVERE ] updating countdown to 55155
[20:52:45.166] [SEVERE ] updating countdown to 55140
[20:52:45.182] [SEVERE ] updating countdown to 55124
[20:52:45.198] [SEVERE ] updating countdown to 55108
[20:52:45.213] [SEVERE ] updating countdown to 55093
[20:52:45.228] [SEVERE ] updating countdown to 55078
[20:52:45.243] [SEVERE ] updating countdown to 55063
[20:52:45.259] [SEVERE ] updating countdown to 55047
[20:52:45.274] [SEVERE ] updating countdown to 55032
[20:52:45.290] [SEVERE ] updating countdown to 55016
[20:52:45.305] [SEVERE ] updating countdown to 55001
[20:52:45.321] [SEVERE ] updating countdown to 54985
[20:52:45.336] [SEVERE ] updating countdown to 54970
[20:52:45.352] [SEVERE ] updating countdown to 54954
[20:52:45.367] [SEVERE ] updating countdown to 54939
[20:52:45.383] [SEVERE ] updating countdown to 54923
[20:52:45.398] [SEVERE ] updating countdown to 54908
[20:52:45.414] [SEVERE ] updating countdown to 54892
[20:52:45.429] [SEVERE ] updating countdown to 54877
[20:52:45.444] [SEVERE ] updating countdown to 54862
[20:52:45.460] [SEVERE ] updating countdown to 54846
[20:52:45.476] [SEVERE ] updating countdown to 54830
[20:52:45.492] [SEVERE ] updating countdown to 54814
[20:52:45.507] [SEVERE ] updating countdown to 54799
[20:52:45.522] [SEVERE ] updating countdown to 54784
[20:52:45.538] [SEVERE ] updating countdown to 54768
[20:52:45.553] [SEVERE ] updating countdown to 54753
[20:52:45.568] [SEVERE ] updating countdown to 54738
[20:52:45.583] [SEVERE ] updating countdown to 54723
[20:52:45.599] [SEVERE ] updating countdown to 54707
[20:52:45.614] [SEVERE ] updating countdown to 54692
[20:52:45.630] [SEVERE ] updating countdown to 54676
[20:52:45.645] [SEVERE ] updating countdown to 54661
[20:52:45.661] [SEVERE ] updating countdown to 54645
[20:52:45.676] [SEVERE ] updating countdown to 54630
[20:52:45.691] [SEVERE ] updating countdown to 54615
[20:52:45.706] [SEVERE ] updating countdown to 54600
[20:52:45.721] [SEVERE ] updating countdown to 54585
[20:52:45.737] [SEVERE ] updating countdown to 54569
[20:52:45.752] [SEVERE ] updating countdown to 54554
[20:52:45.768] [SEVERE ] updating countdown to 54538
[20:52:45.783] [SEVERE ] updating countdown to 54523
[20:52:45.799] [SEVERE ] updating countdown to 54507
[20:52:45.814] [SEVERE ] updating countdown to 54492
[20:52:45.829] [SEVERE ] updating countdown to 54477
[20:52:45.845] [SEVERE ] updating countdown to 54461
[20:52:45.860] [SEVERE ] updating countdown to 54446
[20:52:45.875] [SEVERE ] updating countdown to 54431
[20:52:45.891] [SEVERE ] updating countdown to 54415
[20:52:45.906] [SEVERE ] updating countdown to 54400
[20:52:45.923] [SEVERE ] updating countdown to 54383
[20:52:45.938] [SEVERE ] updating countdown to 54368
[20:52:45.953] [SEVERE ] updating countdown to 54353
[20:52:45.970] [SEVERE ] updating countdown to 54336
[20:52:45.986] [SEVERE ] updating countdown to 54320
[20:52:46.002] [SEVERE ] updating countdown to 54304
[20:52:46.017] [SEVERE ] updating countdown to 54289
[20:52:46.032] [SEVERE ] updating countdown to 54274
[20:52:46.048] [SEVERE ] updating countdown to 54258
[20:52:46.063] [SEVERE ] updating countdown to 54243
[20:52:46.078] [SEVERE ] updating countdown to 54228
[20:52:46.104] [SEVERE ] updating countdown to 54202
[20:52:46.126] [SEVERE ] updating countdown to 54180
[20:52:46.141] [SEVERE ] updating countdown to 54165
[20:52:46.157] [SEVERE ] updating countdown to 54149
[20:52:46.186] [SEVERE ] updating countdown to 54120
[20:52:46.202] [SEVERE ] updating countdown to 54104
[20:52:46.218] [SEVERE ] updating countdown to 54088
[20:52:46.233] [SEVERE ] updating countdown to 54073
[20:52:46.248] [SEVERE ] updating countdown to 54058
[20:52:46.264] [SEVERE ] updating countdown to 54042
[20:52:46.279] [SEVERE ] updating countdown to 54027
[20:52:46.294] [SEVERE ] updating countdown to 54012
[20:52:46.310] [SEVERE ] updating countdown to 53996
[20:52:46.325] [SEVERE ] updating countdown to 53981
[20:52:46.340] [SEVERE ] updating countdown to 53966
[20:52:46.355] [SEVERE ] updating countdown to 53951
[20:52:46.371] [SEVERE ] updating countdown to 53935
[20:52:46.386] [SEVERE ] updating countdown to 53920
[20:52:46.402] [SEVERE ] updating countdown to 53904
[20:52:46.417] [SEVERE ] updating countdown to 53889
[20:52:46.433] [SEVERE ] updating countdown to 53873
[20:52:46.448] [SEVERE ] updating countdown to 53858
[20:52:46.463] [SEVERE ] updating countdown to 53843
[20:52:46.479] [SEVERE ] updating countdown to 53827
[20:52:46.494] [SEVERE ] updating countdown to 53812
[20:52:46.510] [SEVERE ] updating countdown to 53796
[20:52:46.525] [SEVERE ] updating countdown to 53781
[20:52:46.540] [SEVERE ] updating countdown to 53766
[20:52:46.556] [SEVERE ] updating countdown to 53750
[20:52:46.571] [SEVERE ] updating countdown to 53735
[20:52:46.586] [SEVERE ] updating countdown to 53720
[20:52:46.602] [SEVERE ] updating countdown to 53704
[20:52:46.618] [SEVERE ] updating countdown to 53688
[20:52:46.633] [SEVERE ] updating countdown to 53673
[20:52:46.648] [SEVERE ] updating countdown to 53658
[20:52:46.664] [SEVERE ] updating countdown to 53642
[20:52:46.679] [SEVERE ] updating countdown to 53627
[20:52:46.694] [SEVERE ] updating countdown to 53612
[20:52:46.717] [SEVERE ] updating countdown to 53589
[20:52:46.732] [SEVERE ] updating countdown to 53574
[20:52:46.756] [SEVERE ] updating countdown to 53550
[20:52:46.772] [SEVERE ] updating countdown to 53534
[20:52:46.788] [SEVERE ] updating countdown to 53518
[20:52:46.803] [SEVERE ] updating countdown to 53503
[20:52:46.818] [SEVERE ] updating countdown to 53488
[20:52:46.834] [SEVERE ] updating countdown to 53472
[20:52:46.849] [SEVERE ] updating countdown to 53457
[20:52:46.864] [SEVERE ] updating countdown to 53442
[20:52:46.879] [SEVERE ] updating countdown to 53427
[20:52:46.895] [SEVERE ] updating countdown to 53411
[20:52:46.910] [SEVERE ] updating countdown to 53396
[20:52:46.926] [SEVERE ] updating countdown to 53380
[20:52:46.941] [SEVERE ] updating countdown to 53365
[20:52:46.956] [SEVERE ] updating countdown to 53350
[20:52:46.972] [SEVERE ] updating countdown to 53334
[20:52:46.987] [SEVERE ] updating countdown to 53319
[20:52:47.002] [SEVERE ] updating countdown to 53304
[20:52:47.018] [SEVERE ] updating countdown to 53288
[20:52:47.033] [SEVERE ] updating countdown to 53273
[20:52:47.049] [SEVERE ] updating countdown to 53257
[20:52:47.064] [SEVERE ] updating countdown to 53242
[20:52:47.080] [SEVERE ] updating countdown to 53226
[20:52:47.095] [SEVERE ] updating countdown to 53211
[20:52:47.111] [SEVERE ] updating countdown to 53195
[20:52:47.126] [SEVERE ] updating countdown to 53180
[20:52:47.142] [SEVERE ] updating countdown to 53164
[20:52:47.157] [SEVERE ] updating countdown to 53149
[20:52:47.173] [SEVERE ] updating countdown to 53133
[20:52:47.188] [SEVERE ] updating countdown to 53118
[20:52:47.203] [SEVERE ] updating countdown to 53103
[20:52:47.218] [SEVERE ] updating countdown to 53088
[20:52:47.234] [SEVERE ] updating countdown to 53072
[20:52:47.249] [SEVERE ] updating countdown to 53057
[20:52:47.265] [SEVERE ] updating countdown to 53041
[20:52:47.280] [SEVERE ] updating countdown to 53026
[20:52:47.295] [SEVERE ] updating countdown to 53011
[20:52:47.310] [SEVERE ] updating countdown to 52996
[20:52:47.326] [SEVERE ] updating countdown to 52980
[20:52:47.341] [SEVERE ] updating countdown to 52965
[20:52:47.357] [SEVERE ] updating countdown to 52949
[20:52:47.369] [SEVERE ] updating countdown to 52937
[20:52:47.384] [SEVERE ] updating countdown to 52922
[20:52:47.399] [SEVERE ] updating countdown to 52907
[20:52:47.415] [SEVERE ] updating countdown to 52891
[20:52:47.431] [SEVERE ] updating countdown to 52875
[20:52:47.446] [SEVERE ] updating countdown to 52860
[20:52:47.462] [SEVERE ] updating countdown to 52844
[20:52:47.478] [SEVERE ] updating countdown to 52828
[20:52:47.493] [SEVERE ] updating countdown to 52813
[20:52:47.508] [SEVERE ] updating countdown to 52798
[20:52:47.524] [SEVERE ] updating countdown to 52782
[20:52:47.539] [SEVERE ] updating countdown to 52767
[20:52:47.555] [SEVERE ] updating countdown to 52751
[20:52:47.570] [SEVERE ] updating countdown to 52736
[20:52:47.585] [SEVERE ] updating countdown to 52721
[20:52:47.601] [SEVERE ] updating countdown to 52705
[20:52:47.616] [SEVERE ] updating countdown to 52690
[20:52:47.631] [SEVERE ] updating countdown to 52675
[20:52:47.647] [SEVERE ] updating countdown to 52659
[20:52:47.662] [SEVERE ] updating countdown to 52644
[20:52:47.677] [SEVERE ] updating countdown to 52629
[20:52:47.693] [SEVERE ] updating countdown to 52613
[20:52:47.709] [SEVERE ] updating countdown to 52597
[20:52:47.724] [SEVERE ] updating countdown to 52582
[20:52:47.740] [SEVERE ] updating countdown to 52566
[20:52:47.755] [SEVERE ] updating countdown to 52551
[20:52:47.770] [SEVERE ] updating countdown to 52536
[20:52:47.786] [SEVERE ] updating countdown to 52520
[20:52:47.801] [SEVERE ] updating countdown to 52505
[20:52:47.817] [SEVERE ] updating countdown to 52489
[20:52:47.832] [SEVERE ] updating countdown to 52474
[20:52:47.847] [SEVERE ] updating countdown to 52459
[20:52:47.863] [SEVERE ] updating countdown to 52443
[20:52:47.878] [SEVERE ] updating countdown to 52428
[20:52:47.893] [SEVERE ] updating countdown to 52413
[20:52:47.909] [SEVERE ] updating countdown to 52397
[20:52:47.924] [SEVERE ] updating countdown to 52382
[20:52:47.939] [SEVERE ] updating countdown to 52367
[20:52:47.954] [SEVERE ] updating countdown to 52352
[20:52:47.970] [SEVERE ] updating countdown to 52336
[20:52:47.985] [SEVERE ] updating countdown to 52321
[20:52:48.001] [SEVERE ] updating countdown to 52305
[20:52:48.016] [SEVERE ] updating countdown to 52290
[20:52:48.031] [SEVERE ] updating countdown to 52275
[20:52:48.047] [SEVERE ] updating countdown to 52259
[20:52:48.063] [SEVERE ] updating countdown to 52243
[20:52:48.078] [SEVERE ] updating countdown to 52228
[20:52:48.093] [SEVERE ] updating countdown to 52213
[20:52:48.109] [SEVERE ] updating countdown to 52197
[20:52:48.124] [SEVERE ] updating countdown to 52182
[20:52:48.140] [SEVERE ] updating countdown to 52166
[20:52:48.156] [SEVERE ] updating countdown to 52150
[20:52:48.171] [SEVERE ] updating countdown to 52135
[20:52:48.186] [SEVERE ] updating countdown to 52120
[20:52:48.202] [SEVERE ] updating countdown to 52104
[20:52:48.217] [SEVERE ] updating countdown to 52089
[20:52:48.233] [SEVERE ] updating countdown to 52073
[20:52:48.248] [SEVERE ] updating countdown to 52058
[20:52:48.264] [SEVERE ] updating countdown to 52042
[20:52:48.280] [SEVERE ] updating countdown to 52026
[20:52:48.295] [SEVERE ] updating countdown to 52011
[20:52:48.310] [SEVERE ] updating countdown to 51996
[20:52:48.326] [SEVERE ] updating countdown to 51980
[20:52:48.342] [SEVERE ] updating countdown to 51964
[20:52:48.358] [SEVERE ] updating countdown to 51948
[20:52:48.373] [SEVERE ] updating countdown to 51933
[20:52:48.389] [SEVERE ] updating countdown to 51917
[20:52:48.405] [SEVERE ] updating countdown to 51901
[20:52:48.421] [SEVERE ] updating countdown to 51885
[20:52:48.436] [SEVERE ] updating countdown to 51870
[20:52:48.452] [SEVERE ] updating countdown to 51854
[20:52:48.467] [SEVERE ] updating countdown to 51839
[20:52:48.483] [SEVERE ] updating countdown to 51823
[20:52:48.498] [SEVERE ] updating countdown to 51808
[20:52:48.514] [SEVERE ] updating countdown to 51792
[20:52:48.530] [SEVERE ] updating countdown to 51776
[20:52:48.546] [SEVERE ] updating countdown to 51760
[20:52:48.562] [SEVERE ] updating countdown to 51744
[20:52:48.578] [SEVERE ] updating countdown to 51728
[20:52:48.594] [SEVERE ] updating countdown to 51712
[20:52:48.610] [SEVERE ] updating countdown to 51696
[20:52:48.626] [SEVERE ] updating countdown to 51680
[20:52:48.641] [SEVERE ] updating countdown to 51665
[20:52:48.657] [SEVERE ] updating countdown to 51649
[20:52:48.672] [SEVERE ] updating countdown to 51634
[20:52:48.688] [SEVERE ] updating countdown to 51618
[20:52:48.703] [SEVERE ] updating countdown to 51603
[20:52:48.718] [SEVERE ] updating countdown to 51588
[20:52:48.734] [SEVERE ] updating countdown to 51572
[20:52:48.750] [SEVERE ] updating countdown to 51556
[20:52:48.765] [SEVERE ] updating countdown to 51541
[20:52:48.781] [SEVERE ] updating countdown to 51525
[20:52:48.796] [SEVERE ] updating countdown to 51510
[20:52:48.811] [SEVERE ] updating countdown to 51495
[20:52:48.827] [SEVERE ] updating countdown to 51479
[20:52:48.842] [SEVERE ] updating countdown to 51464
[20:52:48.857] [SEVERE ] updating countdown to 51449
[20:52:48.873] [SEVERE ] updating countdown to 51433
[20:52:48.888] [SEVERE ] updating countdown to 51418
[20:52:48.904] [SEVERE ] updating countdown to 51402
[20:52:48.919] [SEVERE ] updating countdown to 51387
[20:52:48.935] [SEVERE ] updating countdown to 51371
[20:52:48.950] [SEVERE ] updating countdown to 51356
[20:52:48.965] [SEVERE ] updating countdown to 51341
[20:52:48.981] [SEVERE ] updating countdown to 51325
[20:52:48.996] [SEVERE ] updating countdown to 51310
[20:52:49.012] [SEVERE ] updating countdown to 51294
[20:52:49.027] [SEVERE ] updating countdown to 51279
[20:52:49.043] [SEVERE ] updating countdown to 51263
[20:52:49.059] [SEVERE ] updating countdown to 51247
[20:52:49.074] [SEVERE ] updating countdown to 51232
[20:52:49.090] [SEVERE ] updating countdown to 51216
[20:52:49.105] [SEVERE ] updating countdown to 51201
[20:52:49.121] [SEVERE ] updating countdown to 51185
[20:52:49.136] [SEVERE ] updating countdown to 51170
[20:52:49.151] [SEVERE ] updating countdown to 51155
[20:52:49.166] [SEVERE ] updating countdown to 51140
[20:52:49.182] [SEVERE ] updating countdown to 51124
[20:52:49.198] [SEVERE ] updating countdown to 51108
[20:52:49.213] [SEVERE ] updating countdown to 51093
[20:52:49.228] [SEVERE ] updating countdown to 51078
[20:52:49.244] [SEVERE ] updating countdown to 51062
[20:52:49.259] [SEVERE ] updating countdown to 51047
[20:52:49.274] [SEVERE ] updating countdown to 51032
[20:52:49.290] [SEVERE ] updating countdown to 51016
[20:52:49.305] [SEVERE ] updating countdown to 51001
[20:52:49.321] [SEVERE ] updating countdown to 50985
[20:52:49.336] [SEVERE ] updating countdown to 50970
[20:52:49.352] [SEVERE ] updating countdown to 50954
[20:52:49.367] [SEVERE ] updating countdown to 50939
[20:52:49.382] [SEVERE ] updating countdown to 50924
[20:52:49.398] [SEVERE ] updating countdown to 50908
[20:52:49.414] [SEVERE ] updating countdown to 50892
[20:52:49.430] [SEVERE ] updating countdown to 50876
[20:52:49.445] [SEVERE ] updating countdown to 50861
[20:52:49.460] [SEVERE ] updating countdown to 50846
[20:52:49.476] [SEVERE ] updating countdown to 50830
[20:52:49.491] [SEVERE ] updating countdown to 50815
[20:52:49.507] [SEVERE ] updating countdown to 50799
[20:52:49.522] [SEVERE ] updating countdown to 50784
[20:52:49.538] [SEVERE ] updating countdown to 50768
[20:52:49.553] [SEVERE ] updating countdown to 50753
[20:52:49.569] [SEVERE ] updating countdown to 50737
[20:52:49.584] [SEVERE ] updating countdown to 50722
[20:52:49.600] [SEVERE ] updating countdown to 50706
[20:52:49.615] [SEVERE ] updating countdown to 50691
[20:52:49.631] [SEVERE ] updating countdown to 50675
[20:52:49.646] [SEVERE ] updating countdown to 50660
[20:52:49.662] [SEVERE ] updating countdown to 50644
[20:52:49.678] [SEVERE ] updating countdown to 50628
[20:52:49.693] [SEVERE ] updating countdown to 50613
[20:52:49.708] [SEVERE ] updating countdown to 50598
[20:52:49.724] [SEVERE ] updating countdown to 50582
[20:52:49.739] [SEVERE ] updating countdown to 50567
[20:52:49.754] [SEVERE ] updating countdown to 50552
[20:52:49.769] [SEVERE ] updating countdown to 50537
[20:52:49.785] [SEVERE ] updating countdown to 50521
[20:52:49.800] [SEVERE ] updating countdown to 50506
[20:52:49.815] [SEVERE ] updating countdown to 50491
[20:52:49.831] [SEVERE ] updating countdown to 50475
[20:52:49.847] [SEVERE ] updating countdown to 50459
[20:52:49.862] [SEVERE ] updating countdown to 50444
[20:52:49.877] [SEVERE ] updating countdown to 50429
[20:52:49.893] [SEVERE ] updating countdown to 50413
[20:52:49.908] [SEVERE ] updating countdown to 50398
[20:52:49.924] [SEVERE ] updating countdown to 50382
[20:52:49.939] [SEVERE ] updating countdown to 50367
[20:52:49.955] [SEVERE ] updating countdown to 50351
[20:52:49.970] [SEVERE ] updating countdown to 50336
[20:52:49.986] [SEVERE ] updating countdown to 50320
[20:52:50.001] [SEVERE ] updating countdown to 50305
[20:52:50.016] [SEVERE ] updating countdown to 50290
[20:52:50.032] [SEVERE ] updating countdown to 50274
[20:52:50.048] [SEVERE ] updating countdown to 50258
[20:52:50.063] [SEVERE ] updating countdown to 50243
[20:52:50.079] [SEVERE ] updating countdown to 50227
[20:52:50.094] [SEVERE ] updating countdown to 50212
[20:52:50.110] [SEVERE ] updating countdown to 50196
[20:52:50.126] [SEVERE ] updating countdown to 50180
[20:52:50.141] [SEVERE ] updating countdown to 50165
[20:52:50.156] [SEVERE ] updating countdown to 50150
[20:52:50.172] [SEVERE ] updating countdown to 50134
[20:52:50.187] [SEVERE ] updating countdown to 50119
[20:52:50.202] [SEVERE ] updating countdown to 50104
[20:52:50.218] [SEVERE ] updating countdown to 50088
[20:52:50.234] [SEVERE ] updating countdown to 50072
[20:52:50.249] [SEVERE ] updating countdown to 50057
[20:52:50.264] [SEVERE ] updating countdown to 50042
[20:52:50.280] [SEVERE ] updating countdown to 50026
[20:52:50.294] [SEVERE ] updating countdown to 50012
[20:52:50.310] [SEVERE ] updating countdown to 49996
[20:52:50.325] [SEVERE ] updating countdown to 49981
[20:52:50.340] [SEVERE ] updating countdown to 49966
[20:52:50.355] [SEVERE ] updating countdown to 49951
[20:52:50.371] [SEVERE ] updating countdown to 49935
[20:52:50.387] [SEVERE ] updating countdown to 49919
[20:52:50.402] [SEVERE ] updating countdown to 49904
[20:52:50.418] [SEVERE ] updating countdown to 49888
[20:52:50.434] [SEVERE ] updating countdown to 49872
[20:52:50.449] [SEVERE ] updating countdown to 49857
[20:52:50.464] [SEVERE ] updating countdown to 49842
[20:52:50.480] [SEVERE ] updating countdown to 49826
[20:52:50.495] [SEVERE ] updating countdown to 49811
[20:52:50.511] [SEVERE ] updating countdown to 49795
[20:52:50.526] [SEVERE ] updating countdown to 49780
[20:52:50.542] [SEVERE ] updating countdown to 49764
[20:52:50.557] [SEVERE ] updating countdown to 49749
[20:52:50.572] [SEVERE ] updating countdown to 49734
[20:52:50.588] [SEVERE ] updating countdown to 49718
[20:52:50.604] [SEVERE ] updating countdown to 49702
[20:52:50.619] [SEVERE ] updating countdown to 49687
[20:52:50.635] [SEVERE ] updating countdown to 49671
[20:52:50.650] [SEVERE ] updating countdown to 49656
[20:52:50.666] [SEVERE ] updating countdown to 49640
[20:52:50.681] [SEVERE ] updating countdown to 49625
[20:52:50.696] [SEVERE ] updating countdown to 49610
[20:52:50.712] [SEVERE ] updating countdown to 49594
[20:52:50.728] [SEVERE ] updating countdown to 49578
[20:52:50.743] [SEVERE ] updating countdown to 49563
[20:52:50.758] [SEVERE ] updating countdown to 49548
[20:52:50.774] [SEVERE ] updating countdown to 49532
[20:52:50.789] [SEVERE ] updating countdown to 49517
[20:52:50.805] [SEVERE ] updating countdown to 49501
[20:52:50.821] [SEVERE ] updating countdown to 49485
[20:52:50.836] [SEVERE ] updating countdown to 49470
[20:52:50.852] [SEVERE ] updating countdown to 49454
[20:52:50.867] [SEVERE ] updating countdown to 49439
[20:52:50.883] [SEVERE ] updating countdown to 49423
[20:52:50.898] [SEVERE ] updating countdown to 49408
[20:52:50.914] [SEVERE ] updating countdown to 49392
[20:52:50.929] [SEVERE ] updating countdown to 49377
[20:52:50.945] [SEVERE ] updating countdown to 49361
[20:52:50.960] [SEVERE ] updating countdown to 49346
[20:52:50.976] [SEVERE ] updating countdown to 49330
[20:52:50.992] [SEVERE ] updating countdown to 49314
[20:52:51.007] [SEVERE ] updating countdown to 49299
[20:52:51.023] [SEVERE ] updating countdown to 49283
[20:52:51.038] [SEVERE ] updating countdown to 49268
[20:52:51.054] [SEVERE ] updating countdown to 49252
[20:52:51.069] [SEVERE ] updating countdown to 49237
[20:52:51.085] [SEVERE ] updating countdown to 49221
[20:52:51.100] [SEVERE ] updating countdown to 49206
[20:52:51.116] [SEVERE ] updating countdown to 49190
[20:52:51.131] [SEVERE ] updating countdown to 49175
[20:52:51.147] [SEVERE ] updating countdown to 49159
[20:52:51.162] [SEVERE ] updating countdown to 49144
[20:52:51.178] [SEVERE ] updating countdown to 49128
[20:52:51.193] [SEVERE ] updating countdown to 49113
[20:52:51.209] [SEVERE ] updating countdown to 49097
[20:52:51.224] [SEVERE ] updating countdown to 49082
[20:52:51.240] [SEVERE ] updating countdown to 49066
[20:52:51.255] [SEVERE ] updating countdown to 49051
[20:52:51.271] [SEVERE ] updating countdown to 49035
[20:52:51.286] [SEVERE ] updating countdown to 49020
[20:52:51.302] [SEVERE ] updating countdown to 49004
[20:52:51.317] [SEVERE ] updating countdown to 48989
[20:52:51.333] [SEVERE ] updating countdown to 48973
[20:52:51.348] [SEVERE ] updating countdown to 48958
[20:52:51.363] [SEVERE ] updating countdown to 48943
[20:52:51.379] [SEVERE ] updating countdown to 48927
[20:52:51.394] [SEVERE ] updating countdown to 48912
[20:52:51.409] [SEVERE ] updating countdown to 48897
[20:52:51.424] [SEVERE ] updating countdown to 48882
[20:52:51.440] [SEVERE ] updating countdown to 48866
[20:52:51.455] [SEVERE ] updating countdown to 48851
[20:52:51.471] [SEVERE ] updating countdown to 48835
[20:52:51.486] [SEVERE ] updating countdown to 48820
[20:52:51.502] [SEVERE ] updating countdown to 48804
[20:52:51.517] [SEVERE ] updating countdown to 48789
[20:52:51.533] [SEVERE ] updating countdown to 48773
[20:52:51.548] [SEVERE ] updating countdown to 48758
[20:52:51.563] [SEVERE ] updating countdown to 48743
[20:52:51.579] [SEVERE ] updating countdown to 48727
[20:52:51.594] [SEVERE ] updating countdown to 48712
[20:52:51.610] [SEVERE ] updating countdown to 48696
[20:52:51.625] [SEVERE ] updating countdown to 48681
[20:52:51.641] [SEVERE ] updating countdown to 48665
[20:52:51.656] [SEVERE ] updating countdown to 48650
[20:52:51.672] [SEVERE ] updating countdown to 48634
[20:52:51.687] [SEVERE ] updating countdown to 48619
[20:52:51.702] [SEVERE ] updating countdown to 48604
[20:52:51.718] [SEVERE ] updating countdown to 48588
[20:52:51.733] [SEVERE ] updating countdown to 48573
[20:52:51.749] [SEVERE ] updating countdown to 48557
[20:52:51.764] [SEVERE ] updating countdown to 48542
[20:52:51.780] [SEVERE ] updating countdown to 48526
[20:52:51.795] [SEVERE ] updating countdown to 48511
[20:52:51.811] [SEVERE ] updating countdown to 48495
[20:52:51.826] [SEVERE ] updating countdown to 48480
[20:52:51.841] [SEVERE ] updating countdown to 48465
[20:52:51.857] [SEVERE ] updating countdown to 48449
[20:52:51.873] [SEVERE ] updating countdown to 48433
[20:52:51.888] [SEVERE ] updating countdown to 48418
[20:52:51.903] [SEVERE ] updating countdown to 48403
[20:52:51.919] [SEVERE ] updating countdown to 48387
[20:52:51.934] [SEVERE ] updating countdown to 48372
[20:52:51.950] [SEVERE ] updating countdown to 48356
[20:52:51.965] [SEVERE ] updating countdown to 48341
[20:52:51.980] [SEVERE ] updating countdown to 48326
[20:52:51.996] [SEVERE ] updating countdown to 48310
[20:52:52.011] [SEVERE ] updating countdown to 48295
[20:52:52.027] [SEVERE ] updating countdown to 48279
[20:52:52.042] [SEVERE ] updating countdown to 48264
[20:52:52.057] [SEVERE ] updating countdown to 48249
[20:52:52.073] [SEVERE ] updating countdown to 48233
[20:52:52.088] [SEVERE ] updating countdown to 48218
[20:52:52.103] [SEVERE ] updating countdown to 48203
[20:52:52.119] [SEVERE ] updating countdown to 48187
[20:52:52.134] [SEVERE ] updating countdown to 48172
[20:52:52.150] [SEVERE ] updating countdown to 48156
[20:52:52.165] [SEVERE ] updating countdown to 48141
[20:52:52.180] [SEVERE ] updating countdown to 48126
[20:52:52.196] [SEVERE ] updating countdown to 48110
[20:52:52.211] [SEVERE ] updating countdown to 48095
[20:52:52.227] [SEVERE ] updating countdown to 48079
[20:52:52.242] [SEVERE ] updating countdown to 48064
[20:52:52.257] [SEVERE ] updating countdown to 48049
[20:52:52.273] [SEVERE ] updating countdown to 48033
[20:52:52.288] [SEVERE ] updating countdown to 48018
[20:52:52.304] [SEVERE ] updating countdown to 48002
[20:52:52.319] [SEVERE ] updating countdown to 47987
[20:52:52.335] [SEVERE ] updating countdown to 47971
[20:52:52.351] [SEVERE ] updating countdown to 47955
[20:52:52.366] [SEVERE ] updating countdown to 47940
[20:52:52.381] [SEVERE ] updating countdown to 47925
[20:52:52.396] [SEVERE ] updating countdown to 47910
[20:52:52.412] [SEVERE ] updating countdown to 47894
[20:52:52.427] [SEVERE ] updating countdown to 47879
[20:52:52.443] [SEVERE ] updating countdown to 47863
[20:52:52.458] [SEVERE ] updating countdown to 47848
[20:52:52.474] [SEVERE ] updating countdown to 47832
[20:52:52.489] [SEVERE ] updating countdown to 47817
[20:52:52.505] [SEVERE ] updating countdown to 47801
[20:52:52.521] [SEVERE ] updating countdown to 47785
[20:52:52.537] [SEVERE ] updating countdown to 47769
[20:52:52.552] [SEVERE ] updating countdown to 47754
[20:52:52.568] [SEVERE ] updating countdown to 47738
[20:52:52.584] [SEVERE ] updating countdown to 47722
[20:52:52.599] [SEVERE ] updating countdown to 47707
[20:52:52.615] [SEVERE ] updating countdown to 47691
[20:52:52.630] [SEVERE ] updating countdown to 47676
[20:52:52.645] [SEVERE ] updating countdown to 47661
[20:52:52.666] [SEVERE ] updating countdown to 47640
[20:52:52.681] [SEVERE ] updating countdown to 47625
[20:52:52.697] [SEVERE ] updating countdown to 47609
[20:52:52.712] [SEVERE ] updating countdown to 47594
[20:52:52.727] [SEVERE ] updating countdown to 47579
[20:52:52.743] [SEVERE ] updating countdown to 47563
[20:52:52.758] [SEVERE ] updating countdown to 47548
[20:52:52.774] [SEVERE ] updating countdown to 47532
[20:52:52.789] [SEVERE ] updating countdown to 47517
[20:52:52.805] [SEVERE ] updating countdown to 47501
[20:52:52.820] [SEVERE ] updating countdown to 47486
[20:52:52.836] [SEVERE ] updating countdown to 47470
[20:52:52.851] [SEVERE ] updating countdown to 47455
[20:52:52.866] [SEVERE ] updating countdown to 47440
[20:52:52.882] [SEVERE ] updating countdown to 47424
[20:52:52.897] [SEVERE ] updating countdown to 47409
[20:52:52.913] [SEVERE ] updating countdown to 47393
[20:52:52.928] [SEVERE ] updating countdown to 47378
[20:52:52.944] [SEVERE ] updating countdown to 47362
[20:52:52.959] [SEVERE ] updating countdown to 47347
[20:52:52.974] [SEVERE ] updating countdown to 47332
[20:52:52.990] [SEVERE ] updating countdown to 47316
[20:52:53.006] [SEVERE ] updating countdown to 47300
[20:52:53.022] [SEVERE ] updating countdown to 47284
[20:52:53.038] [SEVERE ] updating countdown to 47268
[20:52:53.053] [SEVERE ] updating countdown to 47253
[20:52:53.069] [SEVERE ] updating countdown to 47237
[20:52:53.084] [SEVERE ] updating countdown to 47222
[20:52:53.099] [SEVERE ] updating countdown to 47207
[20:52:53.115] [SEVERE ] updating countdown to 47191
[20:52:53.131] [SEVERE ] updating countdown to 47175
[20:52:53.148] [SEVERE ] updating countdown to 47158
[20:52:53.165] [SEVERE ] updating countdown to 47141
[20:52:53.181] [SEVERE ] updating countdown to 47125
[20:52:53.196] [SEVERE ] updating countdown to 47110
[20:52:53.212] [SEVERE ] updating countdown to 47094
[20:52:53.227] [SEVERE ] updating countdown to 47079
[20:52:53.242] [SEVERE ] updating countdown to 47064
[20:52:53.258] [SEVERE ] updating countdown to 47048
[20:52:53.273] [SEVERE ] updating countdown to 47033
[20:52:53.289] [SEVERE ] updating countdown to 47017
[20:52:53.304] [SEVERE ] updating countdown to 47002
[20:52:53.320] [SEVERE ] updating countdown to 46986
[20:52:53.335] [SEVERE ] updating countdown to 46971
[20:52:53.350] [SEVERE ] updating countdown to 46956
[20:52:53.366] [SEVERE ] updating countdown to 46940
[20:52:53.381] [SEVERE ] updating countdown to 46925
[20:52:53.396] [SEVERE ] updating countdown to 46910
[20:52:53.412] [SEVERE ] updating countdown to 46894
[20:52:53.428] [SEVERE ] updating countdown to 46878
[20:52:53.443] [SEVERE ] updating countdown to 46863
[20:52:53.459] [SEVERE ] updating countdown to 46847
[20:52:53.475] [SEVERE ] updating countdown to 46831
[20:52:53.490] [SEVERE ] updating countdown to 46816
[20:52:53.505] [SEVERE ] updating countdown to 46801
[20:52:53.521] [SEVERE ] updating countdown to 46785
[20:52:53.536] [SEVERE ] updating countdown to 46770
[20:52:53.552] [SEVERE ] updating countdown to 46754
[20:52:53.567] [SEVERE ] updating countdown to 46739
[20:52:53.582] [SEVERE ] updating countdown to 46724
[20:52:53.598] [SEVERE ] updating countdown to 46708
[20:52:53.613] [SEVERE ] updating countdown to 46693
[20:52:53.628] [SEVERE ] updating countdown to 46678
[20:52:53.644] [SEVERE ] updating countdown to 46662
[20:52:53.659] [SEVERE ] updating countdown to 46647
[20:52:53.675] [SEVERE ] updating countdown to 46631
[20:52:53.690] [SEVERE ] updating countdown to 46616
[20:52:53.706] [SEVERE ] updating countdown to 46600
[20:52:53.721] [SEVERE ] updating countdown to 46585
[20:52:53.736] [SEVERE ] updating countdown to 46570
[20:52:53.749] [SEVERE ] exit button pressed
[20:52:53.752] [SEVERE ] updating countdown to 46554
[20:52:53.861] [SEVERE ] removing card from slot 0
[20:52:53.968] [SEVERE ] removing card from slot 1
[20:52:54.076] [SEVERE ] removing card from slot 2
[20:52:54.184] [SEVERE ] removing card from slot 3
[20:52:54.294] [SEVERE ] removing card from slot 4
[20:52:54.403] [SEVERE ] removing card from slot 5
[20:52:54.511] [SEVERE ] removing card from slot 6
[20:52:54.618] [SEVERE ] removing card from slot 7
[20:52:54.728] [SEVERE ] removing card from slot 8
[20:52:54.836] [SEVERE ] removing card from slot 9
[20:52:54.946] [SEVERE ] removing card from slot 10
[20:52:55.056] [SEVERE ] removing card from slot 11
[20:52:55.056] [SEVERE ] announcing winner(s): player 1, player 2
[20:52:55.058] [INFO   ] Thread dealer terminated.
[20:52:55.058] [INFO   ] thread dealer terminated.
[20:52:55.059] [SEVERE ] thanks for playing... it was fun!
[20:52:55.059] [INFO   ] thread main terminated.
